<?xml version="1.0" encoding="UTF-8"?>
<!-- Generated by org.testng.reporters.JUnitReportReporter -->
<testsuite skipped="0" hostname="LAPTOP-71D16QSE" name="com.inetBanking.testCases.TC_AddCustomerTest_003" tests="1" failures="0" timestamp="2021-09-12T21:50:44 IST" time="16.953" errors="0">
  <testcase name="addNewCustomer" time="16.953" classname="com.inetBanking.testCases.TC_AddCustomerTest_003"/>
  <system-out/>
</testsuite> <!-- com.inetBanking.testCases.TC_AddCustomerTest_003 -->
