<?xml version="1.0" encoding="UTF-8"?>
<!-- Generated by org.testng.reporters.JUnitReportReporter -->
<testsuite hostname="LAPTOP-71D16QSE" failures="0" tests="1" name="com.inetBanking.testCases.TC_AddCustomerTest_003" time="17.481" errors="0" timestamp="2021-09-13T20:57:52 IST" skipped="0">
  <testcase classname="com.inetBanking.testCases.TC_AddCustomerTest_003" name="addNewCustomer" time="17.481"/>
  <system-out/>
</testsuite> <!-- com.inetBanking.testCases.TC_AddCustomerTest_003 -->
